<?xml version="1.0" encoding="UTF-8"?>
<mule xmlns:doc="http://www.mulesoft.org/schema/mule/documentation" xmlns="http://www.mulesoft.org/schema/mule/core"
    xmlns:xsi="http://www.w3.org/2001/XMLSchema-instance"
    xmlns:jms="http://www.mulesoft.org/schema/mule/jms"
    xmlns:test="http://www.mulesoft.org/schema/mule/test"
    xmlns:spring="http://www.springframework.org/schema/beans"
    xmlns:util="http://www.springframework.org/schema/util"
    xsi:schemaLocation="http://www.mulesoft.org/schema/mule/core http://www.mulesoft.org/schema/mule/core/current/mule.xsd
http://www.mulesoft.org/schema/mule/jms http://www.mulesoft.org/schema/mule/jms/current/mule-jms.xsd
http://www.mulesoft.org/schema/mule/test http://www.mulesoft.org/schema/mule/test/current/mule-test.xsd
http://www.springframework.org/schema/beans http://www.springframework.org/schema/beans/spring-beans.xsd
http://www.springframework.org/schema/util http://www.springframework.org/schema/util/spring-util.xsd" version="CE-3.4.0">
    <jms:activemq-connector name="jmsConnector" specification="1.1" validateConnections="true" doc:name="Active MQ"/>

</mule>